        -:    0:Source:/mnt/c/Users/lexig/OneDrive/Documente/GitHub/a5-6-913-Goia-Alexia/header files/dynamicArray.h
        -:    0:Graph:/mnt/c/Users/lexig/OneDrive/Documente/GitHub/a5-6-913-Goia-Alexia/cmake-build-debug-coverage/CMakeFiles/a5_6_913_Goia_Alexia.dir/source_files/tests.cpp.gcno
        -:    0:Data:/mnt/c/Users/lexig/OneDrive/Documente/GitHub/a5-6-913-Goia-Alexia/cmake-build-debug-coverage/CMakeFiles/a5_6_913_Goia_Alexia.dir/source_files/tests.cpp.gcda
        -:    0:Runs:1
        -:    1:#pragma once
        -:    2:
        -:    3:#include <cstdlib>
        -:    4:
        -:    5:template<class element>
        -:    6:class DynamicArray {
        -:    7:public:
        -:    8:    DynamicArray(); // constructor
        -:    9:    DynamicArray(const DynamicArray &a); // copy constructor
        -:   10:    ~DynamicArray(); // destructor
        -:   11:    DynamicArray &operator=(const DynamicArray &a); // assignment operator
        -:   12:
        -:   13:    element &operator[](unsigned int index); // get array item
        -:   14:    void add(const element &item); // Add item to the end of array
        -:   15:
        -:   16:    unsigned int get_size(); // get size of array (elements)
        -:   17:    void clear(); // clear array
        -:   18:    void remove(unsigned int pos); // delete array item
        -:   19:    void *get_arr(); // get void* pointer to array data
        -:   20:
        -:   21:private:
        -:   22:    element *array; // pointer for array's memory
        -:   23:    unsigned int size; // current element
        -:   24:    unsigned int capacity; // actual size of allocated memory
        -:   25:
        -:   26:    const static unsigned int default_capacity = 2;
        -:   27:};
        -:   28:
        -:   29:template<class element>
       1*:   30:DynamicArray<element>::DynamicArray() : size{0}, capacity{default_capacity} {
       1*:   31:    this->array = new element[this->capacity];
       1*:   32:}
------------------
_ZN12DynamicArrayIiEC2Ev:
function _ZN12DynamicArrayIiEC2Ev called 1 returned 100% blocks executed 80%
        1:   30:DynamicArray<element>::DynamicArray() : size{0}, capacity{default_capacity} {
       1*:   31:    this->array = new element[this->capacity];
        1:   31-block  0
branch  0 taken 1 (fallthrough)
branch  1 taken 0
        1:   31-block  1
    %%%%%:   31-block  2
call    2 never executed
        1:   31-block  3
call    3 returned 1
        1:   32:}
------------------
_ZN12DynamicArrayI8TutorialEC2Ev:
function _ZN12DynamicArrayI8TutorialEC2Ev called 0 returned 0% blocks executed 0%
    #####:   30:DynamicArray<element>::DynamicArray() : size{0}, capacity{default_capacity} {
    #####:   31:    this->array = new element[this->capacity];
    %%%%%:   31-block  0
branch  0 never executed
branch  1 never executed
    %%%%%:   31-block  1
    %%%%%:   31-block  2
    %%%%%:   31-block  3
call    2 never executed
    %%%%%:   31-block  4
branch  3 never executed
branch  4 never executed
    %%%%%:   31-block  5
call    5 never executed
branch  6 never executed
branch  7 never executed
    %%%%%:   31-block  6
    $$$$$:   31-block  7
    $$$$$:   31-block  8
call    8 never executed
    $$$$$:   31-block  9
branch  9 never executed
branch 10 never executed
    $$$$$:   31-block 10
    $$$$$:   31-block 11
    $$$$$:   31-block 12
call   11 never executed
    #####:   32:}
    %%%%%:   32-block  0
------------------
        -:   33:
        -:   34:template<class element>
function _ZN12DynamicArrayIiEC2ERKS0_ called 1 returned 100% blocks executed 88%
        1:   35:DynamicArray<element>::DynamicArray(const DynamicArray &a) {
        1:   36:    this->size = a.size;
        1:   37:    this->capacity = a.capacity;
       1*:   38:    this->array = new element[this->capacity];
        1:   38-block  0
branch  0 taken 1 (fallthrough)
branch  1 taken 0
        1:   38-block  1
    %%%%%:   38-block  2
call    2 never executed
        1:   38-block  3
call    3 returned 1
        3:   39:    for (int i = 0; i < this->size; i++)
        3:   39-block  0
branch  0 taken 2 (fallthrough)
branch  1 taken 1
        2:   40:        this->array[i] = a.array[i];
        2:   40-block  0
        1:   41:}
        -:   42:
        -:   43:template<class element>
       2*:   44:DynamicArray<element>::~DynamicArray() {
       2*:   45:    delete[] this->array;
       2*:   46:}
------------------
_ZN12DynamicArrayIiED2Ev:
function _ZN12DynamicArrayIiED2Ev called 2 returned 100% blocks executed 100%
        2:   44:DynamicArray<element>::~DynamicArray() {
        2:   45:    delete[] this->array;
        2:   45-block  0
branch  0 taken 2 (fallthrough)
branch  1 taken 0
        2:   45-block  1
call    2 returned 2
        2:   46:}
------------------
_ZN12DynamicArrayI8TutorialED2Ev:
function _ZN12DynamicArrayI8TutorialED2Ev called 0 returned 0% blocks executed 0%
    #####:   44:DynamicArray<element>::~DynamicArray() {
    #####:   45:    delete[] this->array;
    %%%%%:   45-block  0
branch  0 never executed
branch  1 never executed
    %%%%%:   45-block  1
    %%%%%:   45-block  2
branch  2 never executed
branch  3 never executed
    %%%%%:   45-block  3
call    4 never executed
    %%%%%:   45-block  4
call    5 never executed
    #####:   46:}
------------------
        -:   47:
        -:   48:template<class element>
function _ZN12DynamicArrayIiEaSERKS0_ called 2 returned 100% blocks executed 92%
        2:   49:DynamicArray<element> &DynamicArray<element>::operator=(const DynamicArray &a) {
        2:   50:    if (this == &a)
        2:   50-block  0
branch  0 taken 1 (fallthrough)
branch  1 taken 1
        1:   51:        return *this;
        1:   51-block  0
        -:   52:
        1:   53:    this->capacity = a.capacity;
        1:   54:    this->size = a.size;
        -:   55:
        1:   56:    delete[] this->array;
        1:   56-block  0
branch  0 taken 1 (fallthrough)
branch  1 taken 0
        1:   56-block  1
call    2 returned 1
       1*:   57:    this->array = new element[this->capacity];
        1:   57-block  0
branch  0 taken 1 (fallthrough)
branch  1 taken 0
        1:   57-block  1
    %%%%%:   57-block  2
call    2 never executed
        1:   57-block  3
call    3 returned 1
        3:   58:    for (int i = 0; i < this->size; i++)
        3:   58-block  0
branch  0 taken 2 (fallthrough)
branch  1 taken 1
        2:   59:        this->array[i] = a.array[i];
        2:   59-block  0
        -:   60:
        1:   61:    return *this;
        1:   61-block  0
        -:   62:}
        -:   63:
        -:   64:template<class element>
function _ZN12DynamicArrayIiEixEj called 8 returned 100% blocks executed 100%
        8:   65:element &DynamicArray<element>::operator[](unsigned int index) {
        8:   66:    return this->array[index];
        8:   66-block  0
        -:   67:}
        -:   68:
        -:   69:template<class element>
function _ZN12DynamicArrayIiE3addERKi called 2 returned 100% blocks executed 92%
        2:   70:void DynamicArray<element>::add(const element &item) {
        2:   71:    this->size++;
        2:   72:    if (this->size >= this->capacity) {
        2:   72-block  0
branch  0 taken 1 (fallthrough)
branch  1 taken 1
        1:   73:        this->capacity *= 2;
       1*:   74:        element *new_arr = new element[this->capacity];
        1:   74-block  0
branch  0 taken 1 (fallthrough)
branch  1 taken 0
        1:   74-block  1
    %%%%%:   74-block  2
call    2 never executed
        1:   74-block  3
call    3 returned 1
        3:   75:        for (int i = 0; i < this->size; i++) {
        3:   75-block  0
branch  0 taken 2 (fallthrough)
branch  1 taken 1
        2:   76:            new_arr[i] = this->array[i];
        2:   76-block  0
        -:   77:        }
        1:   78:        delete[] this->array;
        1:   78-block  0
branch  0 taken 1 (fallthrough)
branch  1 taken 0
        1:   78-block  1
call    2 returned 1
        1:   79:        this->array = new_arr;
        1:   79-block  0
        -:   80:    }
        2:   81:    this->array[this->size - 1] = item;
        2:   82:}
        -:   83:
        -:   84:template<class element>
       5*:   85:unsigned int DynamicArray<element>::get_size() {
       5*:   86:    return this->size;
        -:   87:}
------------------
_ZN12DynamicArrayIiE8get_sizeEv:
function _ZN12DynamicArrayIiE8get_sizeEv called 5 returned 100% blocks executed 100%
        5:   85:unsigned int DynamicArray<element>::get_size() {
        5:   86:    return this->size;
        5:   86-block  0
        -:   87:}
------------------
_ZN12DynamicArrayI8TutorialE8get_sizeEv:
function _ZN12DynamicArrayI8TutorialE8get_sizeEv called 0 returned 0% blocks executed 0%
    #####:   85:unsigned int DynamicArray<element>::get_size() {
    #####:   86:    return this->size;
    %%%%%:   86-block  0
        -:   87:}
------------------
        -:   88:
        -:   89:template<class element>
function _ZN12DynamicArrayIiE5clearEv called 1 returned 100% blocks executed 100%
        1:   90:void DynamicArray<element>::clear() {
        1:   91:    this->size = 0;
        1:   92:    this->capacity = default_capacity;
        1:   93:    delete[] this->array;
        1:   93-block  0
branch  0 taken 1 (fallthrough)
branch  1 taken 0
        1:   93-block  1
call    2 returned 1
        1:   94:    this->array = new element[default_capacity];
        1:   94-block  0
call    0 returned 1
        1:   95:}
        -:   96:
        -:   97:template<class element>
function _ZN12DynamicArrayIiE6removeEj called 1 returned 100% blocks executed 100%
        1:   98:void DynamicArray<element>::remove(unsigned int pos) {
        -:   99:    //delete this->array[pos];
        2:  100:    for (unsigned int i = pos; i < this->size - 1; i++) {
        1:  100-block  0
        2:  100-block  1
branch  0 taken 1 (fallthrough)
branch  1 taken 1
        1:  101:        this->array[i] = this->array[i + 1];
        1:  101-block  0
        -:  102:    }
        1:  103:    this->size--;
        1:  104:}
        -:  105:
        -:  106:template<class element>
        -:  107:void *DynamicArray<element>::get_arr() {
        -:  108:    return this->array;
        -:  109:}
