        -:    0:Source:/mnt/c/Users/lexig/OneDrive/Documente/GitHub/a5-6-913-Goia-Alexia/header files/dynamicArray.h
        -:    0:Graph:/mnt/c/Users/lexig/OneDrive/Documente/GitHub/a5-6-913-Goia-Alexia/cmake-build-debug-coverage/CMakeFiles/a5_6_913_Goia_Alexia.dir/source_files/ui.cpp.gcno
        -:    0:Data:/mnt/c/Users/lexig/OneDrive/Documente/GitHub/a5-6-913-Goia-Alexia/cmake-build-debug-coverage/CMakeFiles/a5_6_913_Goia_Alexia.dir/source_files/ui.cpp.gcda
        -:    0:Runs:1
        -:    1:#pragma once
        -:    2:
        -:    3:#include <cstdlib>
        -:    4:
        -:    5:template<class element>
        -:    6:class DynamicArray {
        -:    7:public:
        -:    8:    DynamicArray(); // constructor
        -:    9:    DynamicArray(const DynamicArray &a); // copy constructor
        -:   10:    ~DynamicArray(); // destructor
        -:   11:    DynamicArray &operator=(const DynamicArray &a); // assignment operator
        -:   12:
        -:   13:    element &operator[](unsigned int index); // get array item
        -:   14:    void add(const element &item); // Add item to the end of array
        -:   15:
        -:   16:    unsigned int get_size(); // get size of array (elements)
        -:   17:    void clear(); // clear array
        -:   18:    void remove(unsigned int pos); // delete array item
        -:   19:    void *get_arr(); // get void* pointer to array data
        -:   20:
        -:   21:private:
        -:   22:    element *array; // pointer for array's memory
        -:   23:    unsigned int size; // current element
        -:   24:    unsigned int capacity; // actual size of allocated memory
        -:   25:
        -:   26:    const static unsigned int default_capacity = 2;
        -:   27:};
        -:   28:
        -:   29:template<class element>
        -:   30:DynamicArray<element>::DynamicArray() : size{0}, capacity{default_capacity} {
        -:   31:    this->array = new element[this->capacity];
        -:   32:}
        -:   33:
        -:   34:template<class element>
function _ZN12DynamicArrayI8TutorialEC2ERKS1_ called 0 returned 0% blocks executed 0%
    #####:   35:DynamicArray<element>::DynamicArray(const DynamicArray &a) {
    #####:   36:    this->size = a.size;
    #####:   37:    this->capacity = a.capacity;
    #####:   38:    this->array = new element[this->capacity];
    %%%%%:   38-block  0
branch  0 never executed
branch  1 never executed
    %%%%%:   38-block  1
    %%%%%:   38-block  2
    %%%%%:   38-block  3
call    2 never executed
    %%%%%:   38-block  4
branch  3 never executed
branch  4 never executed
    %%%%%:   38-block  5
call    5 never executed
branch  6 never executed
branch  7 never executed
    %%%%%:   38-block  6
    $$$$$:   38-block  7
    $$$$$:   38-block  8
call    8 never executed
    $$$$$:   38-block  9
branch  9 never executed
branch 10 never executed
    $$$$$:   38-block 10
    $$$$$:   38-block 11
    $$$$$:   38-block 12
call   11 never executed
    #####:   39:    for (int i = 0; i < this->size; i++)
    %%%%%:   39-block  0
    %%%%%:   39-block  1
branch  0 never executed
branch  1 never executed
    #####:   40:        this->array[i] = a.array[i];
    %%%%%:   40-block  0
call    0 never executed
    #####:   41:}
    %%%%%:   41-block  0
        -:   42:
        -:   43:template<class element>
function _ZN12DynamicArrayI8TutorialED2Ev called 0 returned 0% blocks executed 0%
    #####:   44:DynamicArray<element>::~DynamicArray() {
    #####:   45:    delete[] this->array;
    %%%%%:   45-block  0
branch  0 never executed
branch  1 never executed
    %%%%%:   45-block  1
    %%%%%:   45-block  2
branch  2 never executed
branch  3 never executed
    %%%%%:   45-block  3
call    4 never executed
    %%%%%:   45-block  4
call    5 never executed
    #####:   46:}
        -:   47:
        -:   48:template<class element>
function _ZN12DynamicArrayI8TutorialEaSERKS1_ called 1 returned 100% blocks executed 65%
        1:   49:DynamicArray<element> &DynamicArray<element>::operator=(const DynamicArray &a) {
        1:   50:    if (this == &a)
        1:   50-block  0
branch  0 taken 0 (fallthrough)
branch  1 taken 1
    #####:   51:        return *this;
    %%%%%:   51-block  0
        -:   52:
        1:   53:    this->capacity = a.capacity;
        1:   54:    this->size = a.size;
        -:   55:
        3:   56:    delete[] this->array;
        1:   56-block  0
branch  0 taken 1 (fallthrough)
branch  1 taken 0
        1:   56-block  1
        3:   56-block  2
branch  2 taken 2 (fallthrough)
branch  3 taken 1
        2:   56-block  3
call    4 returned 2
        1:   56-block  4
call    5 returned 1
      17*:   57:    this->array = new element[this->capacity];
        1:   57-block  0
branch  0 taken 1 (fallthrough)
branch  1 taken 0
        1:   57-block  1
    %%%%%:   57-block  2
        1:   57-block  3
call    2 returned 1
       17:   57-block  4
branch  3 taken 16 (fallthrough)
branch  4 taken 1
       16:   57-block  5
call    5 returned 16
branch  6 taken 16 (fallthrough)
branch  7 taken 0 (throw)
       16:   57-block  6
    $$$$$:   57-block  7
    $$$$$:   57-block  8
call    8 never executed
    $$$$$:   57-block  9
branch  9 never executed
branch 10 never executed
    $$$$$:   57-block 10
    $$$$$:   57-block 11
    $$$$$:   57-block 12
call   11 never executed
       16:   58:    for (int i = 0; i < this->size; i++)
        1:   58-block  0
       16:   58-block  1
branch  0 taken 15 (fallthrough)
branch  1 taken 1
       15:   59:        this->array[i] = a.array[i];
       15:   59-block  0
call    0 returned 15
        -:   60:
        1:   61:    return *this;
        1:   61-block  0
        -:   62:}
        -:   63:
        -:   64:template<class element>
        -:   65:element &DynamicArray<element>::operator[](unsigned int index) {
        -:   66:    return this->array[index];
        -:   67:}
        -:   68:
        -:   69:template<class element>
        -:   70:void DynamicArray<element>::add(const element &item) {
        -:   71:    this->size++;
        -:   72:    if (this->size >= this->capacity) {
        -:   73:        this->capacity *= 2;
        -:   74:        element *new_arr = new element[this->capacity];
        -:   75:        for (int i = 0; i < this->size; i++) {
        -:   76:            new_arr[i] = this->array[i];
        -:   77:        }
        -:   78:        delete[] this->array;
        -:   79:        this->array = new_arr;
        -:   80:    }
        -:   81:    this->array[this->size - 1] = item;
        -:   82:}
        -:   83:
        -:   84:template<class element>
function _ZN12DynamicArrayI8TutorialE8get_sizeEv called 0 returned 0% blocks executed 0%
    #####:   85:unsigned int DynamicArray<element>::get_size() {
    #####:   86:    return this->size;
    %%%%%:   86-block  0
        -:   87:}
        -:   88:
        -:   89:template<class element>
        -:   90:void DynamicArray<element>::clear() {
        -:   91:    this->size = 0;
        -:   92:    this->capacity = default_capacity;
        -:   93:    delete[] this->array;
        -:   94:    this->array = new element[default_capacity];
        -:   95:}
        -:   96:
        -:   97:template<class element>
        -:   98:void DynamicArray<element>::remove(unsigned int pos) {
        -:   99:    //delete this->array[pos];
        -:  100:    for (unsigned int i = pos; i < this->size - 1; i++) {
        -:  101:        this->array[i] = this->array[i + 1];
        -:  102:    }
        -:  103:    this->size--;
        -:  104:}
        -:  105:
        -:  106:template<class element>
        -:  107:void *DynamicArray<element>::get_arr() {
        -:  108:    return this->array;
        -:  109:}
